{"C:\\PROGRAMAS REALIZADOS\\BUSQUEDA BINARIA\\laboratorio-busqueda-binaria\\spec\\support\\busquedaBinariaSpec.js":{"path":"C:\\PROGRAMAS REALIZADOS\\BUSQUEDA BINARIA\\laboratorio-busqueda-binaria\\spec\\support\\busquedaBinariaSpec.js","statementMap":{"0":{"start":{"line":1,"column":24},"end":{"line":1,"column":56}},"1":{"start":{"line":3,"column":0},"end":{"line":83,"column":3}},"2":{"start":{"line":5,"column":4},"end":{"line":11,"column":7}},"3":{"start":{"line":7,"column":24},"end":{"line":7,"column":39}},"4":{"start":{"line":9,"column":8},"end":{"line":9,"column":52}},"5":{"start":{"line":13,"column":4},"end":{"line":19,"column":7}},"6":{"start":{"line":15,"column":24},"end":{"line":15,"column":39}},"7":{"start":{"line":17,"column":8},"end":{"line":17,"column":54}},"8":{"start":{"line":21,"column":4},"end":{"line":27,"column":7}},"9":{"start":{"line":23,"column":24},"end":{"line":23,"column":39}},"10":{"start":{"line":25,"column":8},"end":{"line":25,"column":52}},"11":{"start":{"line":29,"column":4},"end":{"line":35,"column":7}},"12":{"start":{"line":31,"column":24},"end":{"line":31,"column":39}},"13":{"start":{"line":33,"column":8},"end":{"line":33,"column":52}},"14":{"start":{"line":37,"column":4},"end":{"line":43,"column":7}},"15":{"start":{"line":39,"column":24},"end":{"line":39,"column":26}},"16":{"start":{"line":41,"column":8},"end":{"line":41,"column":53}},"17":{"start":{"line":45,"column":4},"end":{"line":51,"column":7}},"18":{"start":{"line":47,"column":24},"end":{"line":47,"column":28}},"19":{"start":{"line":49,"column":8},"end":{"line":49,"column":53}},"20":{"start":{"line":53,"column":4},"end":{"line":59,"column":7}},"21":{"start":{"line":55,"column":24},"end":{"line":55,"column":28}},"22":{"start":{"line":57,"column":8},"end":{"line":57,"column":53}},"23":{"start":{"line":61,"column":4},"end":{"line":67,"column":7}},"24":{"start":{"line":63,"column":24},"end":{"line":63,"column":43}},"25":{"start":{"line":65,"column":8},"end":{"line":65,"column":53}},"26":{"start":{"line":69,"column":4},"end":{"line":75,"column":7}},"27":{"start":{"line":71,"column":24},"end":{"line":71,"column":46}},"28":{"start":{"line":73,"column":8},"end":{"line":73,"column":52}},"29":{"start":{"line":77,"column":4},"end":{"line":81,"column":8}},"30":{"start":{"line":79,"column":5},"end":{"line":79,"column":47}}},"fnMap":{"0":{"name":"(anonymous_0)","decl":{"start":{"line":3,"column":40},"end":{"line":3,"column":41}},"loc":{"start":{"line":3,"column":46},"end":{"line":83,"column":1}},"line":3},"1":{"name":"(anonymous_1)","decl":{"start":{"line":5,"column":47},"end":{"line":5,"column":48}},"loc":{"start":{"line":5,"column":53},"end":{"line":11,"column":5}},"line":5},"2":{"name":"(anonymous_2)","decl":{"start":{"line":13,"column":52},"end":{"line":13,"column":53}},"loc":{"start":{"line":13,"column":58},"end":{"line":19,"column":5}},"line":13},"3":{"name":"(anonymous_3)","decl":{"start":{"line":21,"column":44},"end":{"line":21,"column":45}},"loc":{"start":{"line":21,"column":50},"end":{"line":27,"column":5}},"line":21},"4":{"name":"(anonymous_4)","decl":{"start":{"line":29,"column":44},"end":{"line":29,"column":45}},"loc":{"start":{"line":29,"column":50},"end":{"line":35,"column":5}},"line":29},"5":{"name":"(anonymous_5)","decl":{"start":{"line":37,"column":44},"end":{"line":37,"column":45}},"loc":{"start":{"line":37,"column":50},"end":{"line":43,"column":5}},"line":37},"6":{"name":"(anonymous_6)","decl":{"start":{"line":45,"column":40},"end":{"line":45,"column":41}},"loc":{"start":{"line":45,"column":46},"end":{"line":51,"column":5}},"line":45},"7":{"name":"(anonymous_7)","decl":{"start":{"line":53,"column":60},"end":{"line":53,"column":61}},"loc":{"start":{"line":53,"column":66},"end":{"line":59,"column":5}},"line":53},"8":{"name":"(anonymous_8)","decl":{"start":{"line":61,"column":43},"end":{"line":61,"column":44}},"loc":{"start":{"line":61,"column":49},"end":{"line":67,"column":5}},"line":61},"9":{"name":"(anonymous_9)","decl":{"start":{"line":69,"column":50},"end":{"line":69,"column":51}},"loc":{"start":{"line":69,"column":56},"end":{"line":75,"column":5}},"line":69},"10":{"name":"(anonymous_10)","decl":{"start":{"line":77,"column":58},"end":{"line":77,"column":59}},"loc":{"start":{"line":77,"column":64},"end":{"line":81,"column":6}},"line":77}},"branchMap":{},"s":{"0":1,"1":1,"2":1,"3":1,"4":1,"5":1,"6":1,"7":1,"8":1,"9":1,"10":1,"11":1,"12":1,"13":1,"14":1,"15":1,"16":1,"17":1,"18":1,"19":1,"20":1,"21":1,"22":1,"23":1,"24":1,"25":1,"26":1,"27":1,"28":1,"29":1,"30":1},"f":{"0":1,"1":1,"2":1,"3":1,"4":1,"5":1,"6":1,"7":1,"8":1,"9":1,"10":1},"b":{},"_coverageSchema":"1a1c01bbd47fc00a2c39e90264f33305004495a9","hash":"9b111153a1fa5a83507391d3a1d4e6810a2883d1","contentHash":"998495ef9cc4d54b30d138f13fb314e0c46bdee59273d7d23c8e2cd7d4e83fa5"},"C:\\PROGRAMAS REALIZADOS\\BUSQUEDA BINARIA\\laboratorio-busqueda-binaria\\busquedaBinaria.js":{"path":"C:\\PROGRAMAS REALIZADOS\\BUSQUEDA BINARIA\\laboratorio-busqueda-binaria\\busquedaBinaria.js","statementMap":{"0":{"start":{"line":3,"column":4},"end":{"line":5,"column":5}},"1":{"start":{"line":4,"column":8},"end":{"line":4,"column":18}},"2":{"start":{"line":7,"column":4},"end":{"line":9,"column":5}},"3":{"start":{"line":8,"column":8},"end":{"line":8,"column":18}},"4":{"start":{"line":11,"column":20},"end":{"line":11,"column":21}},"5":{"start":{"line":12,"column":18},"end":{"line":12,"column":36}},"6":{"start":{"line":14,"column":4},"end":{"line":27,"column":5}},"7":{"start":{"line":16,"column":20},"end":{"line":16,"column":57}},"8":{"start":{"line":18,"column":8},"end":{"line":20,"column":9}},"9":{"start":{"line":19,"column":12},"end":{"line":19,"column":25}},"10":{"start":{"line":22,"column":8},"end":{"line":26,"column":9}},"11":{"start":{"line":23,"column":12},"end":{"line":23,"column":34}},"12":{"start":{"line":25,"column":12},"end":{"line":25,"column":32}},"13":{"start":{"line":29,"column":4},"end":{"line":29,"column":14}},"14":{"start":{"line":32,"column":0},"end":{"line":32,"column":33}}},"fnMap":{"0":{"name":"busquedaBinaria","decl":{"start":{"line":1,"column":9},"end":{"line":1,"column":24}},"loc":{"start":{"line":1,"column":44},"end":{"line":30,"column":1}},"line":1}},"branchMap":{"0":{"loc":{"start":{"line":3,"column":4},"end":{"line":5,"column":5}},"type":"if","locations":[{"start":{"line":3,"column":4},"end":{"line":5,"column":5}},{"start":{},"end":{}}],"line":3},"1":{"loc":{"start":{"line":7,"column":4},"end":{"line":9,"column":5}},"type":"if","locations":[{"start":{"line":7,"column":4},"end":{"line":9,"column":5}},{"start":{},"end":{}}],"line":7},"2":{"loc":{"start":{"line":18,"column":8},"end":{"line":20,"column":9}},"type":"if","locations":[{"start":{"line":18,"column":8},"end":{"line":20,"column":9}},{"start":{},"end":{}}],"line":18},"3":{"loc":{"start":{"line":22,"column":8},"end":{"line":26,"column":9}},"type":"if","locations":[{"start":{"line":22,"column":8},"end":{"line":26,"column":9}},{"start":{"line":24,"column":15},"end":{"line":26,"column":9}}],"line":22}},"s":{"0":10,"1":1,"2":9,"3":1,"4":8,"5":8,"6":8,"7":16,"8":16,"9":6,"10":10,"11":7,"12":3,"13":2,"14":1},"f":{"0":10},"b":{"0":[1,9],"1":[1,8],"2":[6,10],"3":[7,3]},"_coverageSchema":"1a1c01bbd47fc00a2c39e90264f33305004495a9","hash":"f43746b86ce2f5bba4210d8381e14e9639c26a0d","contentHash":"bf9e35b3214b8781ed4070cf1eafd71e3f15831931f62b5994685d42142808da"}}